<?xml version="1.0" encoding="UTF-8"?>
<testsuite name="com.webage.ApplicationTests" tests="1" skipped="0" failures="0" errors="0" timestamp="2025-08-12T18:56:48" hostname="LABPC" time="1.427">
  <properties/>
  <testcase name="contextLoads()" classname="com.webage.ApplicationTests" time="1.427"/>
  <system-out><![CDATA[14:56:44.147 [Test worker] INFO org.springframework.test.context.support.AnnotationConfigContextLoaderUtils -- Could not detect default configuration classes for test class [com.webage.ApplicationTests]: ApplicationTests does not declare any static, non-private, non-final, nested classes annotated with @Configuration.
14:56:44.342 [Test worker] INFO org.springframework.boot.test.context.SpringBootTestContextBootstrapper -- Found @SpringBootConfiguration com.webage.App for test class com.webage.ApplicationTests

  .   ____          _            __ _ _
 /\\ / ___'_ __ _ _(_)_ __  __ _ \ \ \ \
( ( )\___ | '_ | '_| | '_ \/ _` | \ \ \ \
 \\/  ___)| |_)| | | | | || (_| |  ) ) ) )
  '  |____| .__|_| |_|_| |_\__, | / / / /
 =========|_|==============|___/=/_/_/_/

 :: Spring Boot ::                (v3.4.4)

2025-08-12T14:56:45.286-04:00  INFO 3944 --- [    Test worker] com.webage.ApplicationTests              : Starting ApplicationTests using Java 21.0.5 with PID 3944 (started by labadmin in C:\LabFiles\jdbc-starter)
2025-08-12T14:56:45.286-04:00  INFO 3944 --- [    Test worker] com.webage.ApplicationTests              : No active profile set, falling back to 1 default profile: "default"
2025-08-12T14:56:46.879-04:00  INFO 3944 --- [    Test worker] com.zaxxer.hikari.HikariDataSource       : HikariPool-1 - Starting...
2025-08-12T14:56:47.372-04:00  INFO 3944 --- [    Test worker] com.zaxxer.hikari.pool.PoolBase          : HikariPool-1 - Driver does not support get/set network timeout for connections. (feature not supported)
2025-08-12T14:56:47.372-04:00  INFO 3944 --- [    Test worker] com.zaxxer.hikari.pool.HikariPool        : HikariPool-1 - Added connection org.hsqldb.jdbc.JDBCConnection@484149eb
2025-08-12T14:56:47.372-04:00  INFO 3944 --- [    Test worker] com.zaxxer.hikari.HikariDataSource       : HikariPool-1 - Start completed.
2025-08-12T14:56:47.906-04:00  INFO 3944 --- [    Test worker] o.s.b.a.w.s.WelcomePageHandlerMapping    : Adding welcome page template: index
2025-08-12T14:56:48.509-04:00  INFO 3944 --- [    Test worker] com.webage.ApplicationTests              : Started ApplicationTests in 3.79 seconds (process running for 5.736)
]]></system-out>
  <system-err><![CDATA[Mockito is currently self-attaching to enable the inline-mock-maker. This will no longer work in future releases of the JDK. Please add Mockito as an agent to your build what is described in Mockito's documentation: https://javadoc.io/doc/org.mockito/mockito-core/latest/org/mockito/Mockito.html#0.3
WARNING: A Java agent has been loaded dynamically (C:\Users\labadmin\.gradle\caches\modules-2\files-2.1\net.bytebuddy\byte-buddy-agent\1.15.11\a38b16385e867f59a641330f0362ebe742788ed8\byte-buddy-agent-1.15.11.jar)
WARNING: If a serviceability tool is in use, please run with -XX:+EnableDynamicAgentLoading to hide this warning
WARNING: If a serviceability tool is not in use, please run with -Djdk.instrument.traceUsage for more information
WARNING: Dynamic loading of agents will be disallowed by default in a future release
]]></system-err>
</testsuite>
